  NonPerishable.cpp
c:\users\pranshu\desktop\ms5\nonperishable.cpp(14): warning C4996: 'strcpy': This function or variable may be unsafe. Consider using strcpy_s instead. To disable deprecation, use _CRT_SECURE_NO_WARNINGS. See online help for details.
  c:\program files (x86)\windows kits\10\include\10.0.15063.0\ucrt\string.h(136): note: see declaration of 'strcpy'
c:\users\pranshu\desktop\ms5\nonperishable.cpp(66): warning C4996: 'strcpy': This function or variable may be unsafe. Consider using strcpy_s instead. To disable deprecation, use _CRT_SECURE_NO_WARNINGS. See online help for details.
  c:\program files (x86)\windows kits\10\include\10.0.15063.0\ucrt\string.h(136): note: see declaration of 'strcpy'
c:\users\pranshu\desktop\ms5\nonperishable.cpp(69): warning C4996: 'strcpy': This function or variable may be unsafe. Consider using strcpy_s instead. To disable deprecation, use _CRT_SECURE_NO_WARNINGS. See online help for details.
  c:\program files (x86)\windows kits\10\include\10.0.15063.0\ucrt\string.h(136): note: see declaration of 'strcpy'
c:\users\pranshu\desktop\ms5\nonperishable.cpp(101): warning C4996: 'strcpy': This function or variable may be unsafe. Consider using strcpy_s instead. To disable deprecation, use _CRT_SECURE_NO_WARNINGS. See online help for details.
  c:\program files (x86)\windows kits\10\include\10.0.15063.0\ucrt\string.h(136): note: see declaration of 'strcpy'
c:\users\pranshu\desktop\ms5\nonperishable.cpp(103): warning C4996: 'strcpy': This function or variable may be unsafe. Consider using strcpy_s instead. To disable deprecation, use _CRT_SECURE_NO_WARNINGS. See online help for details.
  c:\program files (x86)\windows kits\10\include\10.0.15063.0\ucrt\string.h(136): note: see declaration of 'strcpy'
c:\users\pranshu\desktop\ms5\nonperishable.cpp(127): warning C4996: 'strcpy': This function or variable may be unsafe. Consider using strcpy_s instead. To disable deprecation, use _CRT_SECURE_NO_WARNINGS. See online help for details.
  c:\program files (x86)\windows kits\10\include\10.0.15063.0\ucrt\string.h(136): note: see declaration of 'strcpy'
c:\users\pranshu\desktop\ms5\nonperishable.cpp(129): warning C4996: 'strcpy': This function or variable may be unsafe. Consider using strcpy_s instead. To disable deprecation, use _CRT_SECURE_NO_WARNINGS. See online help for details.
  c:\program files (x86)\windows kits\10\include\10.0.15063.0\ucrt\string.h(136): note: see declaration of 'strcpy'
c:\users\pranshu\desktop\ms5\nonperishable.cpp(341): warning C4996: 'strcpy': This function or variable may be unsafe. Consider using strcpy_s instead. To disable deprecation, use _CRT_SECURE_NO_WARNINGS. See online help for details.
  c:\program files (x86)\windows kits\10\include\10.0.15063.0\ucrt\string.h(136): note: see declaration of 'strcpy'
c:\users\pranshu\desktop\ms5\nonperishable.cpp(344): warning C4996: 'strcpy': This function or variable may be unsafe. Consider using strcpy_s instead. To disable deprecation, use _CRT_SECURE_NO_WARNINGS. See online help for details.
  c:\program files (x86)\windows kits\10\include\10.0.15063.0\ucrt\string.h(136): note: see declaration of 'strcpy'
  MS5.vcxproj -> C:\Users\pranshu\Desktop\MS5\Debug\MS5.exe
  MS5.vcxproj -> C:\Users\pranshu\Desktop\MS5\Debug\MS5.pdb (Partial PDB)
